Analysis & Synthesis report for UnidadControl
Fri Oct 01 19:43:22 2021
Quartus II 64-Bit Version 12.1 Build 177 11/07/2012 SJ Web Edition


---------------------
; Table of Contents ;
---------------------
  1. Legal Notice
  2. Analysis & Synthesis Summary
  3. Analysis & Synthesis Settings
  4. Parallel Compilation
  5. Analysis & Synthesis Source Files Read
  6. Analysis & Synthesis Resource Usage Summary
  7. Analysis & Synthesis Resource Utilization by Entity
  8. Analysis & Synthesis DSP Block Usage Summary
  9. Registers Removed During Synthesis
 10. Removed Registers Triggering Further Register Optimizations
 11. General Register Statistics
 12. Inverted Register Statistics
 13. Multiplexer Restructuring Statistics (Restructuring Performed)
 14. Parameter Settings for User Entity Instance: Top-level Entity: |UnidadControl
 15. Parameter Settings for User Entity Instance: PROCESADOR_LCD_REVD:u1
 16. Parameter Settings for Inferred Entity Instance: lpm_mult:Mult0
 17. Parameter Settings for Inferred Entity Instance: lpm_divide:Div0
 18. lpm_mult Parameter Settings by Entity Instance
 19. Port Connectivity Checks: "PROCESADOR_LCD_REVD:u1"
 20. Elapsed Time Per Partition
 21. Analysis & Synthesis Messages



----------------
; Legal Notice ;
----------------
Copyright (C) 1991-2012 Altera Corporation
Your use of Altera Corporation's design tools, logic functions 
and other software and tools, and its AMPP partner logic 
functions, and any output files from any of the foregoing 
(including device programming or simulation files), and any 
associated documentation or information are expressly subject 
to the terms and conditions of the Altera Program License 
Subscription Agreement, Altera MegaCore Function License 
Agreement, or other applicable license agreement, including, 
without limitation, that your use is for the sole purpose of 
programming logic devices manufactured by Altera and sold by 
Altera or its authorized distributors.  Please refer to the 
applicable agreement for further details.



+-------------------------------------------------------------------------------+
; Analysis & Synthesis Summary                                                  ;
+------------------------------------+------------------------------------------+
; Analysis & Synthesis Status        ; Successful - Fri Oct 01 19:43:22 2021    ;
; Quartus II 64-Bit Version          ; 12.1 Build 177 11/07/2012 SJ Web Edition ;
; Revision Name                      ; UnidadControl                            ;
; Top-level Entity Name              ; UnidadControl                            ;
; Family                             ; Cyclone IV E                             ;
; Total logic elements               ; 1,042                                    ;
;     Total combinational functions  ; 1,013                                    ;
;     Dedicated logic registers      ; 239                                      ;
; Total registers                    ; 239                                      ;
; Total pins                         ; 28                                       ;
; Total virtual pins                 ; 0                                        ;
; Total memory bits                  ; 0                                        ;
; Embedded Multiplier 9-bit elements ; 1                                        ;
; Total PLLs                         ; 0                                        ;
+------------------------------------+------------------------------------------+


+----------------------------------------------------------------------------------------------------------------------+
; Analysis & Synthesis Settings                                                                                        ;
+----------------------------------------------------------------------------+--------------------+--------------------+
; Option                                                                     ; Setting            ; Default Value      ;
+----------------------------------------------------------------------------+--------------------+--------------------+
; Device                                                                     ; EP4CE115F29C7      ;                    ;
; Top-level entity name                                                      ; UnidadControl      ; UnidadControl      ;
; Family name                                                                ; Cyclone IV E       ; Cyclone IV GX      ;
; Type of Retiming Performed During Resynthesis                              ; Full               ;                    ;
; Resynthesis Optimization Effort                                            ; Normal             ;                    ;
; Physical Synthesis Level for Resynthesis                                   ; Normal             ;                    ;
; Use Generated Physical Constraints File                                    ; On                 ;                    ;
; Use smart compilation                                                      ; Off                ; Off                ;
; Enable parallel Assembler and TimeQuest Timing Analyzer during compilation ; On                 ; On                 ;
; Enable compact report table                                                ; Off                ; Off                ;
; Restructure Multiplexers                                                   ; Auto               ; Auto               ;
; Create Debugging Nodes for IP Cores                                        ; Off                ; Off                ;
; Preserve fewer node names                                                  ; On                 ; On                 ;
; Disable OpenCore Plus hardware evaluation                                  ; Off                ; Off                ;
; Verilog Version                                                            ; Verilog_2001       ; Verilog_2001       ;
; VHDL Version                                                               ; VHDL_1993          ; VHDL_1993          ;
; State Machine Processing                                                   ; Auto               ; Auto               ;
; Safe State Machine                                                         ; Off                ; Off                ;
; Extract Verilog State Machines                                             ; On                 ; On                 ;
; Extract VHDL State Machines                                                ; On                 ; On                 ;
; Ignore Verilog initial constructs                                          ; Off                ; Off                ;
; Iteration limit for constant Verilog loops                                 ; 5000               ; 5000               ;
; Iteration limit for non-constant Verilog loops                             ; 250                ; 250                ;
; Add Pass-Through Logic to Inferred RAMs                                    ; On                 ; On                 ;
; Infer RAMs from Raw Logic                                                  ; On                 ; On                 ;
; Parallel Synthesis                                                         ; On                 ; On                 ;
; DSP Block Balancing                                                        ; Auto               ; Auto               ;
; NOT Gate Push-Back                                                         ; On                 ; On                 ;
; Power-Up Don't Care                                                        ; On                 ; On                 ;
; Remove Redundant Logic Cells                                               ; Off                ; Off                ;
; Remove Duplicate Registers                                                 ; On                 ; On                 ;
; Ignore CARRY Buffers                                                       ; Off                ; Off                ;
; Ignore CASCADE Buffers                                                     ; Off                ; Off                ;
; Ignore GLOBAL Buffers                                                      ; Off                ; Off                ;
; Ignore ROW GLOBAL Buffers                                                  ; Off                ; Off                ;
; Ignore LCELL Buffers                                                       ; Off                ; Off                ;
; Ignore SOFT Buffers                                                        ; On                 ; On                 ;
; Limit AHDL Integers to 32 Bits                                             ; Off                ; Off                ;
; Optimization Technique                                                     ; Balanced           ; Balanced           ;
; Carry Chain Length                                                         ; 70                 ; 70                 ;
; Auto Carry Chains                                                          ; On                 ; On                 ;
; Auto Open-Drain Pins                                                       ; On                 ; On                 ;
; Perform WYSIWYG Primitive Resynthesis                                      ; Off                ; Off                ;
; Auto ROM Replacement                                                       ; On                 ; On                 ;
; Auto RAM Replacement                                                       ; On                 ; On                 ;
; Auto DSP Block Replacement                                                 ; On                 ; On                 ;
; Auto Shift Register Replacement                                            ; Auto               ; Auto               ;
; Allow Shift Register Merging across Hierarchies                            ; Auto               ; Auto               ;
; Auto Clock Enable Replacement                                              ; On                 ; On                 ;
; Strict RAM Replacement                                                     ; Off                ; Off                ;
; Allow Synchronous Control Signals                                          ; On                 ; On                 ;
; Force Use of Synchronous Clear Signals                                     ; Off                ; Off                ;
; Auto RAM Block Balancing                                                   ; On                 ; On                 ;
; Auto RAM to Logic Cell Conversion                                          ; Off                ; Off                ;
; Auto Resource Sharing                                                      ; Off                ; Off                ;
; Allow Any RAM Size For Recognition                                         ; Off                ; Off                ;
; Allow Any ROM Size For Recognition                                         ; Off                ; Off                ;
; Allow Any Shift Register Size For Recognition                              ; Off                ; Off                ;
; Use LogicLock Constraints during Resource Balancing                        ; On                 ; On                 ;
; Ignore translate_off and synthesis_off directives                          ; Off                ; Off                ;
; Timing-Driven Synthesis                                                    ; On                 ; On                 ;
; Report Parameter Settings                                                  ; On                 ; On                 ;
; Report Source Assignments                                                  ; On                 ; On                 ;
; Report Connectivity Checks                                                 ; On                 ; On                 ;
; Ignore Maximum Fan-Out Assignments                                         ; Off                ; Off                ;
; Synchronization Register Chain Length                                      ; 2                  ; 2                  ;
; PowerPlay Power Optimization                                               ; Normal compilation ; Normal compilation ;
; HDL message level                                                          ; Level2             ; Level2             ;
; Suppress Register Optimization Related Messages                            ; Off                ; Off                ;
; Number of Removed Registers Reported in Synthesis Report                   ; 5000               ; 5000               ;
; Number of Swept Nodes Reported in Synthesis Report                         ; 5000               ; 5000               ;
; Number of Inverted Registers Reported in Synthesis Report                  ; 100                ; 100                ;
; Clock MUX Protection                                                       ; On                 ; On                 ;
; Auto Gated Clock Conversion                                                ; Off                ; Off                ;
; Block Design Naming                                                        ; Auto               ; Auto               ;
; SDC constraint protection                                                  ; Off                ; Off                ;
; Synthesis Effort                                                           ; Auto               ; Auto               ;
; Shift Register Replacement - Allow Asynchronous Clear Signal               ; On                 ; On                 ;
; Pre-Mapping Resynthesis Optimization                                       ; Off                ; Off                ;
; Analysis & Synthesis Message Level                                         ; Medium             ; Medium             ;
; Disable Register Merging Across Hierarchies                                ; Auto               ; Auto               ;
; Resource Aware Inference For Block RAM                                     ; On                 ; On                 ;
; Synthesis Seed                                                             ; 1                  ; 1                  ;
+----------------------------------------------------------------------------+--------------------+--------------------+


+------------------------------------------+
; Parallel Compilation                     ;
+----------------------------+-------------+
; Processors                 ; Number      ;
+----------------------------+-------------+
; Number detected on machine ; 16          ;
; Maximum allowed            ; 16          ;
;                            ;             ;
; Average used               ; 1.00        ;
; Maximum used               ; 8           ;
;                            ;             ;
; Usage by Processor         ; % Time Used ;
;     1 processor            ; 100.0%      ;
;     2-8 processors         ; < 0.1%      ;
;     9-16 processors        ;   0.0%      ;
+----------------------------+-------------+


+------------------------------------------------------------------------------------------------------------------------------------------------------------------+
; Analysis & Synthesis Source Files Read                                                                                                                           ;
+----------------------------------+-----------------+------------------------------+--------------------------------------------------------------------+---------+
; File Name with User-Entered Path ; Used in Netlist ; File Type                    ; File Name with Absolute Path                                       ; Library ;
+----------------------------------+-----------------+------------------------------+--------------------------------------------------------------------+---------+
; UnidadControl.vhd                ; yes             ; User VHDL File               ; C:/Users/payan/Desktop/clase28/UnidadControl.vhd                   ;         ;
; ALU_PACKAGE.vhd                  ; yes             ; User VHDL File               ; C:/Users/payan/Desktop/clase28/ALU_PACKAGE.vhd                     ;         ;
; COMANDOS_LCD_REVD.vhd            ; yes             ; User VHDL File               ; C:/Users/payan/Desktop/clase28/COMANDOS_LCD_REVD.vhd               ;         ;
; PROCESADOR_LCD_REVD.vhd          ; yes             ; User VHDL File               ; C:/Users/payan/Desktop/clase28/PROCESADOR_LCD_REVD.vhd             ;         ;
; CARACTERES_ESPECIALES_REVD.vhd   ; yes             ; User VHDL File               ; C:/Users/payan/Desktop/clase28/CARACTERES_ESPECIALES_REVD.vhd      ;         ;
; lpm_mult.tdf                     ; yes             ; Megafunction                 ; d:/altera/12.1/quartus/libraries/megafunctions/lpm_mult.tdf        ;         ;
; aglobal121.inc                   ; yes             ; Megafunction                 ; d:/altera/12.1/quartus/libraries/megafunctions/aglobal121.inc      ;         ;
; lpm_add_sub.inc                  ; yes             ; Megafunction                 ; d:/altera/12.1/quartus/libraries/megafunctions/lpm_add_sub.inc     ;         ;
; multcore.inc                     ; yes             ; Megafunction                 ; d:/altera/12.1/quartus/libraries/megafunctions/multcore.inc        ;         ;
; bypassff.inc                     ; yes             ; Megafunction                 ; d:/altera/12.1/quartus/libraries/megafunctions/bypassff.inc        ;         ;
; altshift.inc                     ; yes             ; Megafunction                 ; d:/altera/12.1/quartus/libraries/megafunctions/altshift.inc        ;         ;
; db/mult_73t.tdf                  ; yes             ; Auto-Generated Megafunction  ; C:/Users/payan/Desktop/clase28/db/mult_73t.tdf                     ;         ;
; lpm_divide.tdf                   ; yes             ; Megafunction                 ; d:/altera/12.1/quartus/libraries/megafunctions/lpm_divide.tdf      ;         ;
; abs_divider.inc                  ; yes             ; Megafunction                 ; d:/altera/12.1/quartus/libraries/megafunctions/abs_divider.inc     ;         ;
; sign_div_unsign.inc              ; yes             ; Megafunction                 ; d:/altera/12.1/quartus/libraries/megafunctions/sign_div_unsign.inc ;         ;
; db/lpm_divide_fvo.tdf            ; yes             ; Auto-Generated Megafunction  ; C:/Users/payan/Desktop/clase28/db/lpm_divide_fvo.tdf               ;         ;
; db/abs_divider_aag.tdf           ; yes             ; Auto-Generated Megafunction  ; C:/Users/payan/Desktop/clase28/db/abs_divider_aag.tdf              ;         ;
; db/alt_u_div_i4f.tdf             ; yes             ; Auto-Generated Megafunction  ; C:/Users/payan/Desktop/clase28/db/alt_u_div_i4f.tdf                ;         ;
; db/add_sub_7pc.tdf               ; yes             ; Auto-Generated Megafunction  ; C:/Users/payan/Desktop/clase28/db/add_sub_7pc.tdf                  ;         ;
; db/add_sub_8pc.tdf               ; yes             ; Auto-Generated Megafunction  ; C:/Users/payan/Desktop/clase28/db/add_sub_8pc.tdf                  ;         ;
; db/lpm_abs_5v9.tdf               ; yes             ; Auto-Generated Megafunction  ; C:/Users/payan/Desktop/clase28/db/lpm_abs_5v9.tdf                  ;         ;
+----------------------------------+-----------------+------------------------------+--------------------------------------------------------------------+---------+


+-----------------------------------------------------+
; Analysis & Synthesis Resource Usage Summary         ;
+---------------------------------------------+-------+
; Resource                                    ; Usage ;
+---------------------------------------------+-------+
; Estimated Total logic elements              ; 1,042 ;
;                                             ;       ;
; Total combinational functions               ; 1013  ;
; Logic element usage by number of LUT inputs ;       ;
;     -- 4 input functions                    ; 646   ;
;     -- 3 input functions                    ; 232   ;
;     -- <=2 input functions                  ; 135   ;
;                                             ;       ;
; Logic elements by mode                      ;       ;
;     -- normal mode                          ; 872   ;
;     -- arithmetic mode                      ; 141   ;
;                                             ;       ;
; Total registers                             ; 239   ;
;     -- Dedicated logic registers            ; 239   ;
;     -- I/O registers                        ; 0     ;
;                                             ;       ;
; I/O pins                                    ; 28    ;
; Embedded Multiplier 9-bit elements          ; 1     ;
; Maximum fan-out                             ; 239   ;
; Total fan-out                               ; 4373  ;
; Average fan-out                             ; 3.34  ;
+---------------------------------------------+-------+


+------------------------------------------------------------------------------------------------------------------------------------------------------------------------------------------------------------------------------------------------------------------------------------------------------+
; Analysis & Synthesis Resource Utilization by Entity                                                                                                                                                                                                                                                  ;
+----------------------------------------+-------------------+--------------+-------------+--------------+---------+-----------+------+--------------+----------------------------------------------------------------------------------------------------------------------------------+--------------+
; Compilation Hierarchy Node             ; LC Combinationals ; LC Registers ; Memory Bits ; DSP Elements ; DSP 9x9 ; DSP 18x18 ; Pins ; Virtual Pins ; Full Hierarchy Name                                                                                                              ; Library Name ;
+----------------------------------------+-------------------+--------------+-------------+--------------+---------+-----------+------+--------------+----------------------------------------------------------------------------------------------------------------------------------+--------------+
; |UnidadControl                         ; 1013 (425)        ; 239 (131)    ; 0           ; 1            ; 1       ; 0         ; 28   ; 0            ; |UnidadControl                                                                                                                   ;              ;
;    |PROCESADOR_LCD_REVD:u1|            ; 486 (486)         ; 108 (108)    ; 0           ; 0            ; 0       ; 0         ; 0    ; 0            ; |UnidadControl|PROCESADOR_LCD_REVD:u1                                                                                            ;              ;
;    |lpm_divide:Div0|                   ; 102 (0)           ; 0 (0)        ; 0           ; 0            ; 0       ; 0         ; 0    ; 0            ; |UnidadControl|lpm_divide:Div0                                                                                                   ;              ;
;       |lpm_divide_fvo:auto_generated|  ; 102 (0)           ; 0 (0)        ; 0           ; 0            ; 0       ; 0         ; 0    ; 0            ; |UnidadControl|lpm_divide:Div0|lpm_divide_fvo:auto_generated                                                                     ;              ;
;          |abs_divider_aag:divider|     ; 102 (9)           ; 0 (0)        ; 0           ; 0            ; 0       ; 0         ; 0    ; 0            ; |UnidadControl|lpm_divide:Div0|lpm_divide_fvo:auto_generated|abs_divider_aag:divider                                             ;              ;
;             |alt_u_div_i4f:divider|    ; 77 (74)           ; 0 (0)        ; 0           ; 0            ; 0       ; 0         ; 0    ; 0            ; |UnidadControl|lpm_divide:Div0|lpm_divide_fvo:auto_generated|abs_divider_aag:divider|alt_u_div_i4f:divider                       ;              ;
;                |add_sub_7pc:add_sub_0| ; 1 (1)             ; 0 (0)        ; 0           ; 0            ; 0       ; 0         ; 0    ; 0            ; |UnidadControl|lpm_divide:Div0|lpm_divide_fvo:auto_generated|abs_divider_aag:divider|alt_u_div_i4f:divider|add_sub_7pc:add_sub_0 ;              ;
;                |add_sub_8pc:add_sub_1| ; 2 (2)             ; 0 (0)        ; 0           ; 0            ; 0       ; 0         ; 0    ; 0            ; |UnidadControl|lpm_divide:Div0|lpm_divide_fvo:auto_generated|abs_divider_aag:divider|alt_u_div_i4f:divider|add_sub_8pc:add_sub_1 ;              ;
;             |lpm_abs_5v9:my_abs_den|   ; 8 (8)             ; 0 (0)        ; 0           ; 0            ; 0       ; 0         ; 0    ; 0            ; |UnidadControl|lpm_divide:Div0|lpm_divide_fvo:auto_generated|abs_divider_aag:divider|lpm_abs_5v9:my_abs_den                      ;              ;
;             |lpm_abs_5v9:my_abs_num|   ; 8 (8)             ; 0 (0)        ; 0           ; 0            ; 0       ; 0         ; 0    ; 0            ; |UnidadControl|lpm_divide:Div0|lpm_divide_fvo:auto_generated|abs_divider_aag:divider|lpm_abs_5v9:my_abs_num                      ;              ;
;    |lpm_mult:Mult0|                    ; 0 (0)             ; 0 (0)        ; 0           ; 1            ; 1       ; 0         ; 0    ; 0            ; |UnidadControl|lpm_mult:Mult0                                                                                                    ;              ;
;       |mult_73t:auto_generated|        ; 0 (0)             ; 0 (0)        ; 0           ; 1            ; 1       ; 0         ; 0    ; 0            ; |UnidadControl|lpm_mult:Mult0|mult_73t:auto_generated                                                                            ;              ;
+----------------------------------------+-------------------+--------------+-------------+--------------+---------+-----------+------+--------------+----------------------------------------------------------------------------------------------------------------------------------+--------------+
Note: For table entries with two numbers listed, the numbers in parentheses indicate the number of resources of the given type used by the specific entity alone. The numbers listed outside of parentheses indicate the total resources of the given type used by the specific entity and all of its sub-entities in the hierarchy.


+-----------------------------------------------------+
; Analysis & Synthesis DSP Block Usage Summary        ;
+---------------------------------------+-------------+
; Statistic                             ; Number Used ;
+---------------------------------------+-------------+
; Simple Multipliers (9-bit)            ; 1           ;
; Simple Multipliers (18-bit)           ; 0           ;
; Embedded Multiplier Blocks            ; --          ;
; Embedded Multiplier 9-bit elements    ; 1           ;
; Signed Embedded Multipliers           ; 1           ;
; Unsigned Embedded Multipliers         ; 0           ;
; Mixed Sign Embedded Multipliers       ; 0           ;
; Variable Sign Embedded Multipliers    ; 0           ;
; Dedicated Input Shift Register Chains ; 0           ;
+---------------------------------------+-------------+
Note: number of Embedded Multiplier Blocks used is only available after a successful fit.


+------------------------------------------------------------------------------------------------------------------+
; Registers Removed During Synthesis                                                                               ;
+-------------------------------------------------------------+----------------------------------------------------+
; Register name                                               ; Reason for Removal                                 ;
+-------------------------------------------------------------+----------------------------------------------------+
; INST[2][7]                                                  ; Stuck at GND due to stuck port data_in             ;
; INST[2][6]                                                  ; Stuck at GND due to stuck port data_in             ;
; INST[2][5]                                                  ; Stuck at GND due to stuck port data_in             ;
; INST[2][4]                                                  ; Stuck at GND due to stuck port data_in             ;
; INST[2][1]                                                  ; Stuck at GND due to stuck port data_in             ;
; INST[29][8]                                                 ; Stuck at GND due to stuck port data_in             ;
; INST[29][7]                                                 ; Stuck at GND due to stuck port data_in             ;
; INST[29][6]                                                 ; Stuck at GND due to stuck port data_in             ;
; INST[29][4]                                                 ; Stuck at GND due to stuck port data_in             ;
; INST[29][0]                                                 ; Stuck at GND due to stuck port data_in             ;
; INS1[6..30]                                                 ; Stuck at GND due to stuck port data_in             ;
; INS2[5..30]                                                 ; Stuck at GND due to stuck port data_in             ;
; INS3[5..30]                                                 ; Stuck at GND due to stuck port data_in             ;
; INS4[5..30]                                                 ; Stuck at GND due to stuck port data_in             ;
; INST[1][8]                                                  ; Merged with INST[0][8]                             ;
; INST[0][3]                                                  ; Merged with INST[0][1]                             ;
; INST[0][4]                                                  ; Merged with INST[0][1]                             ;
; INST[0][5]                                                  ; Merged with INST[0][1]                             ;
; INST[0][6]                                                  ; Merged with INST[0][1]                             ;
; INST[0][7]                                                  ; Merged with INST[0][1]                             ;
; INST[1][0]                                                  ; Merged with INST[0][2]                             ;
; INST[1][1]                                                  ; Merged with INST[0][0]                             ;
; INST[1][2]                                                  ; Merged with INST[0][0]                             ;
; INST[1][3]                                                  ; Merged with INST[0][0]                             ;
; INST[1][4]                                                  ; Merged with INST[0][0]                             ;
; INST[1][5]                                                  ; Merged with INST[0][0]                             ;
; INST[1][6]                                                  ; Merged with INST[0][0]                             ;
; INST[1][7]                                                  ; Merged with INST[0][0]                             ;
; INST[29][2]                                                 ; Merged with INST[29][1]                            ;
; INST[29][3]                                                 ; Merged with INST[29][1]                            ;
; INST[29][5]                                                 ; Merged with INST[29][1]                            ;
; INST[2][0]                                                  ; Merged with INST[29][1]                            ;
; INST[2][2]                                                  ; Merged with INST[29][1]                            ;
; INST[2][3]                                                  ; Merged with INST[29][1]                            ;
; INST[2][8]                                                  ; Merged with INST[29][1]                            ;
; INST[30][0]                                                 ; Merged with INST[29][1]                            ;
; INST[30][1]                                                 ; Merged with INST[29][1]                            ;
; INST[30][2]                                                 ; Merged with INST[29][1]                            ;
; INST[30][3]                                                 ; Merged with INST[29][1]                            ;
; INST[30][4]                                                 ; Merged with INST[29][1]                            ;
; INST[30][5]                                                 ; Merged with INST[29][1]                            ;
; INST[30][6]                                                 ; Merged with INST[29][1]                            ;
; INST[30][7]                                                 ; Merged with INST[29][1]                            ;
; INST[30][8]                                                 ; Merged with INST[29][1]                            ;
; INST[10][8]                                                 ; Merged with INST[10][2]                            ;
; INST[12][2]                                                 ; Merged with INST[10][2]                            ;
; INST[12][3]                                                 ; Merged with INST[10][2]                            ;
; INST[12][8]                                                 ; Merged with INST[10][2]                            ;
; INST[13][1]                                                 ; Merged with INST[10][2]                            ;
; INST[13][2]                                                 ; Merged with INST[10][2]                            ;
; INST[13][8]                                                 ; Merged with INST[10][2]                            ;
; INST[14][3]                                                 ; Merged with INST[10][2]                            ;
; INST[14][8]                                                 ; Merged with INST[10][2]                            ;
; INST[15][2]                                                 ; Merged with INST[10][2]                            ;
; INST[15][8]                                                 ; Merged with INST[10][2]                            ;
; INST[16][8]                                                 ; Merged with INST[10][2]                            ;
; INST[17][1]                                                 ; Merged with INST[10][2]                            ;
; INST[17][2]                                                 ; Merged with INST[10][2]                            ;
; INST[17][8]                                                 ; Merged with INST[10][2]                            ;
; INST[18][1]                                                 ; Merged with INST[10][2]                            ;
; INST[18][3]                                                 ; Merged with INST[10][2]                            ;
; INST[18][8]                                                 ; Merged with INST[10][2]                            ;
; INST[19][2]                                                 ; Merged with INST[10][2]                            ;
; INST[19][3]                                                 ; Merged with INST[10][2]                            ;
; INST[19][8]                                                 ; Merged with INST[10][2]                            ;
; INST[20][1]                                                 ; Merged with INST[10][2]                            ;
; INST[20][3]                                                 ; Merged with INST[10][2]                            ;
; INST[20][8]                                                 ; Merged with INST[10][2]                            ;
; INST[21][2]                                                 ; Merged with INST[10][2]                            ;
; INST[21][3]                                                 ; Merged with INST[10][2]                            ;
; INST[21][8]                                                 ; Merged with INST[10][2]                            ;
; INST[22][1]                                                 ; Merged with INST[10][2]                            ;
; INST[22][3]                                                 ; Merged with INST[10][2]                            ;
; INST[22][8]                                                 ; Merged with INST[10][2]                            ;
; INST[23][1]                                                 ; Merged with INST[10][2]                            ;
; INST[23][3]                                                 ; Merged with INST[10][2]                            ;
; INST[23][8]                                                 ; Merged with INST[10][2]                            ;
; INST[24][8]                                                 ; Merged with INST[10][2]                            ;
; INST[25][1]                                                 ; Merged with INST[10][2]                            ;
; INST[25][2]                                                 ; Merged with INST[10][2]                            ;
; INST[25][8]                                                 ; Merged with INST[10][2]                            ;
; INST[26][1]                                                 ; Merged with INST[10][2]                            ;
; INST[26][2]                                                 ; Merged with INST[10][2]                            ;
; INST[26][8]                                                 ; Merged with INST[10][2]                            ;
; INST[27][2]                                                 ; Merged with INST[10][2]                            ;
; INST[27][3]                                                 ; Merged with INST[10][2]                            ;
; INST[27][5]                                                 ; Merged with INST[10][2]                            ;
; INST[28][1]                                                 ; Merged with INST[10][2]                            ;
; INST[28][2]                                                 ; Merged with INST[10][2]                            ;
; INST[28][3]                                                 ; Merged with INST[10][2]                            ;
; INST[28][5]                                                 ; Merged with INST[10][2]                            ;
; INST[3][8]                                                  ; Merged with INST[10][2]                            ;
; INST[4][8]                                                  ; Merged with INST[10][2]                            ;
; INST[5][8]                                                  ; Merged with INST[10][2]                            ;
; INST[6][8]                                                  ; Merged with INST[10][2]                            ;
; INST[8][8]                                                  ; Merged with INST[10][2]                            ;
; INST[9][8]                                                  ; Merged with INST[10][2]                            ;
; INST[10][7]                                                 ; Merged with INST[10][3]                            ;
; INST[11][4]                                                 ; Merged with INST[10][3]                            ;
; INST[11][6]                                                 ; Merged with INST[10][3]                            ;
; INST[12][5]                                                 ; Merged with INST[10][3]                            ;
; INST[12][6]                                                 ; Merged with INST[10][3]                            ;
; INST[13][5]                                                 ; Merged with INST[10][3]                            ;
; INST[13][6]                                                 ; Merged with INST[10][3]                            ;
; INST[14][4]                                                 ; Merged with INST[10][3]                            ;
; INST[14][5]                                                 ; Merged with INST[10][3]                            ;
; INST[14][6]                                                 ; Merged with INST[10][3]                            ;
; INST[15][4]                                                 ; Merged with INST[10][3]                            ;
; INST[16][5]                                                 ; Merged with INST[10][3]                            ;
; INST[16][6]                                                 ; Merged with INST[10][3]                            ;
; INST[17][5]                                                 ; Merged with INST[10][3]                            ;
; INST[17][6]                                                 ; Merged with INST[10][3]                            ;
; INST[18][5]                                                 ; Merged with INST[10][3]                            ;
; INST[18][6]                                                 ; Merged with INST[10][3]                            ;
; INST[19][5]                                                 ; Merged with INST[10][3]                            ;
; INST[19][6]                                                 ; Merged with INST[10][3]                            ;
; INST[20][5]                                                 ; Merged with INST[10][3]                            ;
; INST[20][6]                                                 ; Merged with INST[10][3]                            ;
; INST[21][5]                                                 ; Merged with INST[10][3]                            ;
; INST[21][6]                                                 ; Merged with INST[10][3]                            ;
; INST[22][4]                                                 ; Merged with INST[10][3]                            ;
; INST[22][5]                                                 ; Merged with INST[10][3]                            ;
; INST[22][6]                                                 ; Merged with INST[10][3]                            ;
; INST[23][4]                                                 ; Merged with INST[10][3]                            ;
; INST[23][5]                                                 ; Merged with INST[10][3]                            ;
; INST[23][6]                                                 ; Merged with INST[10][3]                            ;
; INST[24][5]                                                 ; Merged with INST[10][3]                            ;
; INST[24][6]                                                 ; Merged with INST[10][3]                            ;
; INST[25][5]                                                 ; Merged with INST[10][3]                            ;
; INST[25][6]                                                 ; Merged with INST[10][3]                            ;
; INST[26][5]                                                 ; Merged with INST[10][3]                            ;
; INST[26][6]                                                 ; Merged with INST[10][3]                            ;
; INST[27][7]                                                 ; Merged with INST[10][3]                            ;
; INST[3][7]                                                  ; Merged with INST[10][3]                            ;
; INST[4][7]                                                  ; Merged with INST[10][3]                            ;
; INST[5][7]                                                  ; Merged with INST[10][3]                            ;
; INST[6][7]                                                  ; Merged with INST[10][3]                            ;
; INST[7][1]                                                  ; Merged with INST[10][3]                            ;
; INST[7][2]                                                  ; Merged with INST[10][3]                            ;
; INST[7][4]                                                  ; Merged with INST[10][3]                            ;
; INST[7][6]                                                  ; Merged with INST[10][3]                            ;
; INST[7][7]                                                  ; Merged with INST[10][3]                            ;
; INST[8][5]                                                  ; Merged with INST[10][3]                            ;
; INST[8][6]                                                  ; Merged with INST[10][3]                            ;
; INST[9][5]                                                  ; Merged with INST[10][3]                            ;
; INST[9][6]                                                  ; Merged with INST[10][3]                            ;
; INST[10][1]                                                 ; Merged with INST[10][0]                            ;
; INST[10][4]                                                 ; Merged with INST[10][0]                            ;
; INST[11][5]                                                 ; Merged with INST[10][0]                            ;
; INST[12][4]                                                 ; Merged with INST[10][0]                            ;
; INST[13][4]                                                 ; Merged with INST[10][0]                            ;
; INST[15][5]                                                 ; Merged with INST[10][0]                            ;
; INST[15][6]                                                 ; Merged with INST[10][0]                            ;
; INST[16][4]                                                 ; Merged with INST[10][0]                            ;
; INST[17][4]                                                 ; Merged with INST[10][0]                            ;
; INST[18][4]                                                 ; Merged with INST[10][0]                            ;
; INST[19][4]                                                 ; Merged with INST[10][0]                            ;
; INST[20][4]                                                 ; Merged with INST[10][0]                            ;
; INST[21][4]                                                 ; Merged with INST[10][0]                            ;
; INST[24][4]                                                 ; Merged with INST[10][0]                            ;
; INST[25][4]                                                 ; Merged with INST[10][0]                            ;
; INST[26][4]                                                 ; Merged with INST[10][0]                            ;
; INST[27][1]                                                 ; Merged with INST[10][0]                            ;
; INST[7][0]                                                  ; Merged with INST[10][0]                            ;
; INST[7][3]                                                  ; Merged with INST[10][0]                            ;
; INST[7][8]                                                  ; Merged with INST[10][0]                            ;
; INST[10][6]                                                 ; Merged with INST[10][5]                            ;
; INST[11][1]                                                 ; Merged with INST[10][5]                            ;
; INST[11][2]                                                 ; Merged with INST[10][5]                            ;
; INST[11][3]                                                 ; Merged with INST[10][5]                            ;
; INST[11][7]                                                 ; Merged with INST[10][5]                            ;
; INST[11][8]                                                 ; Merged with INST[10][5]                            ;
; INST[12][1]                                                 ; Merged with INST[10][5]                            ;
; INST[12][7]                                                 ; Merged with INST[10][5]                            ;
; INST[13][3]                                                 ; Merged with INST[10][5]                            ;
; INST[13][7]                                                 ; Merged with INST[10][5]                            ;
; INST[14][1]                                                 ; Merged with INST[10][5]                            ;
; INST[14][2]                                                 ; Merged with INST[10][5]                            ;
; INST[14][7]                                                 ; Merged with INST[10][5]                            ;
; INST[15][1]                                                 ; Merged with INST[10][5]                            ;
; INST[15][3]                                                 ; Merged with INST[10][5]                            ;
; INST[15][7]                                                 ; Merged with INST[10][5]                            ;
; INST[16][1]                                                 ; Merged with INST[10][5]                            ;
; INST[16][2]                                                 ; Merged with INST[10][5]                            ;
; INST[16][3]                                                 ; Merged with INST[10][5]                            ;
; INST[16][7]                                                 ; Merged with INST[10][5]                            ;
; INST[17][3]                                                 ; Merged with INST[10][5]                            ;
; INST[17][7]                                                 ; Merged with INST[10][5]                            ;
; INST[18][2]                                                 ; Merged with INST[10][5]                            ;
; INST[18][7]                                                 ; Merged with INST[10][5]                            ;
; INST[19][1]                                                 ; Merged with INST[10][5]                            ;
; INST[19][7]                                                 ; Merged with INST[10][5]                            ;
; INST[20][2]                                                 ; Merged with INST[10][5]                            ;
; INST[20][7]                                                 ; Merged with INST[10][5]                            ;
; INST[21][1]                                                 ; Merged with INST[10][5]                            ;
; INST[21][7]                                                 ; Merged with INST[10][5]                            ;
; INST[22][2]                                                 ; Merged with INST[10][5]                            ;
; INST[22][7]                                                 ; Merged with INST[10][5]                            ;
; INST[23][2]                                                 ; Merged with INST[10][5]                            ;
; INST[23][7]                                                 ; Merged with INST[10][5]                            ;
; INST[24][1]                                                 ; Merged with INST[10][5]                            ;
; INST[24][2]                                                 ; Merged with INST[10][5]                            ;
; INST[24][3]                                                 ; Merged with INST[10][5]                            ;
; INST[24][7]                                                 ; Merged with INST[10][5]                            ;
; INST[25][3]                                                 ; Merged with INST[10][5]                            ;
; INST[25][7]                                                 ; Merged with INST[10][5]                            ;
; INST[26][3]                                                 ; Merged with INST[10][5]                            ;
; INST[26][7]                                                 ; Merged with INST[10][5]                            ;
; INST[27][0]                                                 ; Merged with INST[10][5]                            ;
; INST[27][4]                                                 ; Merged with INST[10][5]                            ;
; INST[27][6]                                                 ; Merged with INST[10][5]                            ;
; INST[27][8]                                                 ; Merged with INST[10][5]                            ;
; INST[28][0]                                                 ; Merged with INST[10][5]                            ;
; INST[28][4]                                                 ; Merged with INST[10][5]                            ;
; INST[28][6]                                                 ; Merged with INST[10][5]                            ;
; INST[28][7]                                                 ; Merged with INST[10][5]                            ;
; INST[28][8]                                                 ; Merged with INST[10][5]                            ;
; INST[7][5]                                                  ; Merged with INST[10][5]                            ;
; INST[8][7]                                                  ; Merged with INST[10][5]                            ;
; INST[9][7]                                                  ; Merged with INST[10][5]                            ;
; INST[8][2]                                                  ; Merged with INST[8][1]                             ;
; INS2[31]                                                    ; Merged with INS1[31]                               ;
; INS3[31]                                                    ; Merged with INS1[31]                               ;
; INS4[31]                                                    ; Merged with INS1[31]                               ;
; PROCESADOR_LCD_REVD:u1|vec_c_char[1]                        ; Merged with PROCESADOR_LCD_REVD:u1|vec_c_char[0]   ;
; PROCESADOR_LCD_REVD:u1|vec_c_char[7,17]                     ; Merged with PROCESADOR_LCD_REVD:u1|vec_c_char[10]  ;
; PROCESADOR_LCD_REVD:u1|vec_c_char[9]                        ; Merged with PROCESADOR_LCD_REVD:u1|vec_c_char[14]  ;
; PROCESADOR_LCD_REVD:u1|vec_c_char[36]                       ; Merged with PROCESADOR_LCD_REVD:u1|vec_c_char[11]  ;
; PROCESADOR_LCD_REVD:u1|vec_c_char[16,35]                    ; Merged with PROCESADOR_LCD_REVD:u1|vec_c_char[15]  ;
; PROCESADOR_LCD_REVD:u1|vec_c_char[23]                       ; Merged with PROCESADOR_LCD_REVD:u1|vec_c_char[19]  ;
; PROCESADOR_LCD_REVD:u1|vec_c_char[21,22,25..27,30]          ; Merged with PROCESADOR_LCD_REVD:u1|vec_c_char[20]  ;
; PROCESADOR_LCD_REVD:u1|vec_c_char[29]                       ; Merged with PROCESADOR_LCD_REVD:u1|vec_c_char[24]  ;
; PROCESADOR_LCD_REVD:u1|vec_c_char[31,33]                    ; Merged with PROCESADOR_LCD_REVD:u1|vec_c_char[28]  ;
; PROCESADOR_LCD_REVD:u1|vec_c_char[37..39]                   ; Merged with PROCESADOR_LCD_REVD:u1|vec_c_char[34]  ;
; PROCESADOR_LCD_REVD:u1|vec_ram[1,2,7]                       ; Merged with PROCESADOR_LCD_REVD:u1|vec_ram[0]      ;
; INST[10][3]                                                 ; Stuck at GND due to stuck port data_in             ;
; PROCESADOR_LCD_REVD:u1|vec_l_ram[3..7]                      ; Stuck at GND due to stuck port data_in             ;
; PROCESADOR_LCD_REVD:u1|vec_ram[0]                           ; Stuck at GND due to stuck port data_in             ;
; INST[0][1]                                                  ; Stuck at GND due to stuck port data_in             ;
; PROCESADOR_LCD_REVD:u1|RW                                   ; Stuck at GND due to stuck port data_in             ;
; PROCESADOR_LCD_REVD:u1|ciclo_enable[0..2,4..6,10,11,13..15] ; Stuck at GND due to stuck port data_in             ;
; PROCESADOR_LCD_REVD:u1|ciclo_enable[12]                     ; Merged with PROCESADOR_LCD_REVD:u1|ciclo_enable[9] ;
; PROCESADOR_LCD_REVD:u1|ciclo_enable[9]                      ; Merged with PROCESADOR_LCD_REVD:u1|ciclo_enable[8] ;
; PROCESADOR_LCD_REVD:u1|ciclo_enable[8]                      ; Merged with PROCESADOR_LCD_REVD:u1|ciclo_enable[7] ;
; PROCESADOR_LCD_REVD:u1|ciclo_enable[7]                      ; Merged with PROCESADOR_LCD_REVD:u1|ciclo_enable[3] ;
; Total Number of Removed Registers = 370                     ;                                                    ;
+-------------------------------------------------------------+----------------------------------------------------+


+-----------------------------------------------------------------------------------------------------------------------+
; Removed Registers Triggering Further Register Optimizations                                                           ;
+---------------+---------------------------+---------------------------------------------------------------------------+
; Register name ; Reason for Removal        ; Registers Removed due to This Register                                    ;
+---------------+---------------------------+---------------------------------------------------------------------------+
; INST[2][7]    ; Stuck at GND              ; PROCESADOR_LCD_REVD:u1|vec_l_ram[3], PROCESADOR_LCD_REVD:u1|vec_l_ram[4], ;
;               ; due to stuck port data_in ; PROCESADOR_LCD_REVD:u1|vec_l_ram[5], PROCESADOR_LCD_REVD:u1|vec_l_ram[6], ;
;               ;                           ; PROCESADOR_LCD_REVD:u1|vec_l_ram[7], PROCESADOR_LCD_REVD:u1|vec_ram[0]    ;
+---------------+---------------------------+---------------------------------------------------------------------------+


+------------------------------------------------------+
; General Register Statistics                          ;
+----------------------------------------------+-------+
; Statistic                                    ; Value ;
+----------------------------------------------+-------+
; Total registers                              ; 239   ;
; Number of registers using Synchronous Clear  ; 57    ;
; Number of registers using Synchronous Load   ; 29    ;
; Number of registers using Asynchronous Clear ; 17    ;
; Number of registers using Asynchronous Load  ; 0     ;
; Number of registers using Clock Enable       ; 202   ;
; Number of registers using Preset             ; 0     ;
+----------------------------------------------+-------+


+--------------------------------------------------+
; Inverted Register Statistics                     ;
+----------------------------------------+---------+
; Inverted Register                      ; Fan out ;
+----------------------------------------+---------+
; bandera                                ; 63      ;
; INS1[31]                               ; 25      ;
; INS4[0]                                ; 4       ;
; INS3[0]                                ; 4       ;
; INS2[0]                                ; 4       ;
; INS1[0]                                ; 5       ;
; Total number of inverted registers = 6 ;         ;
+----------------------------------------+---------+


+---------------------------------------------------------------------------------------------------------------------------------------------------------------------+
; Multiplexer Restructuring Statistics (Restructuring Performed)                                                                                                      ;
+--------------------+-----------+---------------+----------------------+------------------------+------------+-------------------------------------------------------+
; Multiplexer Inputs ; Bus Width ; Baseline Area ; Area if Restructured ; Saving if Restructured ; Registered ; Example Multiplexer Output                            ;
+--------------------+-----------+---------------+----------------------+------------------------+------------+-------------------------------------------------------+
; 3:1                ; 6 bits    ; 12 LEs        ; 6 LEs                ; 6 LEs                  ; Yes        ; |UnidadControl|PROCESADOR_LCD_REVD:u1|dir_mem_s[1]    ;
; 3:1                ; 3 bits    ; 6 LEs         ; 3 LEs                ; 3 LEs                  ; Yes        ; |UnidadControl|INST[10][5]                            ;
; 3:1                ; 53 bits   ; 106 LEs       ; 53 LEs               ; 53 LEs                 ; Yes        ; |UnidadControl|INST[9][4]                             ;
; 6:1                ; 2 bits    ; 8 LEs         ; 4 LEs                ; 4 LEs                  ; Yes        ; |UnidadControl|PROCESADOR_LCD_REVD:u1|edo_enable[0]   ;
; 128:1              ; 18 bits   ; 1530 LEs      ; 162 LEs              ; 1368 LEs               ; Yes        ; |UnidadControl|PROCESADOR_LCD_REVD:u1|RW              ;
; 128:1              ; 2 bits    ; 170 LEs       ; 12 LEs               ; 158 LEs                ; Yes        ; |UnidadControl|PROCESADOR_LCD_REVD:u1|DATA[6]         ;
; 9:1                ; 8 bits    ; 48 LEs        ; 16 LEs               ; 32 LEs                 ; Yes        ; |UnidadControl|AX[8]                                  ;
; 34:1               ; 4 bits    ; 88 LEs        ; 4 LEs                ; 84 LEs                 ; Yes        ; |UnidadControl|INST[0][8]                             ;
; 9:1                ; 5 bits    ; 30 LEs        ; 15 LEs               ; 15 LEs                 ; Yes        ; |UnidadControl|PROCESADOR_LCD_REVD:u1|data_s[5]       ;
; 9:1                ; 3 bits    ; 18 LEs        ; 15 LEs               ; 3 LEs                  ; Yes        ; |UnidadControl|PROCESADOR_LCD_REVD:u1|vec_l_ram[2]    ;
; 9:1                ; 23 bits   ; 138 LEs       ; 115 LEs              ; 23 LEs                 ; Yes        ; |UnidadControl|PROCESADOR_LCD_REVD:u1|vec_c_char[5]   ;
; 12:1               ; 7 bits    ; 56 LEs        ; 28 LEs               ; 28 LEs                 ; Yes        ; |UnidadControl|resultado_14_                          ;
; 13:1               ; 22 bits   ; 176 LEs       ; 22 LEs               ; 154 LEs                ; Yes        ; |UnidadControl|PROCESADOR_LCD_REVD:u1|conta_delay[15] ;
; 25:1               ; 6 bits    ; 96 LEs        ; 60 LEs               ; 36 LEs                 ; Yes        ; |UnidadControl|resultado_6_                           ;
; 10:1               ; 8 bits    ; 48 LEs        ; 16 LEs               ; 32 LEs                 ; Yes        ; |UnidadControl|AX[6]                                  ;
+--------------------+-----------+---------------+----------------------+------------------------+------------+-------------------------------------------------------+


+-------------------------------------------------------------------------------+
; Parameter Settings for User Entity Instance: Top-level Entity: |UnidadControl ;
+----------------+----------+---------------------------------------------------+
; Parameter Name ; Value    ; Type                                              ;
+----------------+----------+---------------------------------------------------+
; FPGA_CLK       ; 50000000 ; Signed Integer                                    ;
+----------------+----------+---------------------------------------------------+
Note: In order to hide this table in the UI and the text report file, please set the "Show Parameter Settings in Synthesis Report" option in "Analysis and Synthesis Settings -> More Settings" to "Off".


+---------------------------------------------------------------------+
; Parameter Settings for User Entity Instance: PROCESADOR_LCD_REVD:u1 ;
+----------------+----------+-----------------------------------------+
; Parameter Name ; Value    ; Type                                    ;
+----------------+----------+-----------------------------------------+
; fpga_clk       ; 50000000 ; Signed Integer                          ;
; num_inst       ; 40       ; Signed Integer                          ;
+----------------+----------+-----------------------------------------+
Note: In order to hide this table in the UI and the text report file, please set the "Show Parameter Settings in Synthesis Report" option in "Analysis and Synthesis Settings -> More Settings" to "Off".


+-------------------------------------------------------------------------------------+
; Parameter Settings for Inferred Entity Instance: lpm_mult:Mult0                     ;
+------------------------------------------------+--------------+---------------------+
; Parameter Name                                 ; Value        ; Type                ;
+------------------------------------------------+--------------+---------------------+
; AUTO_CARRY_CHAINS                              ; ON           ; AUTO_CARRY          ;
; IGNORE_CARRY_BUFFERS                           ; OFF          ; IGNORE_CARRY        ;
; AUTO_CASCADE_CHAINS                            ; ON           ; AUTO_CASCADE        ;
; IGNORE_CASCADE_BUFFERS                         ; OFF          ; IGNORE_CASCADE      ;
; LPM_WIDTHA                                     ; 8            ; Untyped             ;
; LPM_WIDTHB                                     ; 8            ; Untyped             ;
; LPM_WIDTHP                                     ; 16           ; Untyped             ;
; LPM_WIDTHR                                     ; 16           ; Untyped             ;
; LPM_WIDTHS                                     ; 1            ; Untyped             ;
; LPM_REPRESENTATION                             ; SIGNED       ; Untyped             ;
; LPM_PIPELINE                                   ; 0            ; Untyped             ;
; LATENCY                                        ; 0            ; Untyped             ;
; INPUT_A_IS_CONSTANT                            ; NO           ; Untyped             ;
; INPUT_B_IS_CONSTANT                            ; NO           ; Untyped             ;
; USE_EAB                                        ; OFF          ; Untyped             ;
; MAXIMIZE_SPEED                                 ; 5            ; Untyped             ;
; DEVICE_FAMILY                                  ; Cyclone IV E ; Untyped             ;
; CARRY_CHAIN                                    ; MANUAL       ; Untyped             ;
; APEX20K_TECHNOLOGY_MAPPER                      ; LUT          ; TECH_MAPPER_APEX20K ;
; DEDICATED_MULTIPLIER_CIRCUITRY                 ; AUTO         ; Untyped             ;
; DEDICATED_MULTIPLIER_MIN_INPUT_WIDTH_FOR_AUTO  ; 0            ; Untyped             ;
; DEDICATED_MULTIPLIER_MIN_OUTPUT_WIDTH_FOR_AUTO ; 0            ; Untyped             ;
; CBXI_PARAMETER                                 ; mult_73t     ; Untyped             ;
; INPUT_A_FIXED_VALUE                            ; Bx           ; Untyped             ;
; INPUT_B_FIXED_VALUE                            ; Bx           ; Untyped             ;
; USE_AHDL_IMPLEMENTATION                        ; OFF          ; Untyped             ;
+------------------------------------------------+--------------+---------------------+
Note: In order to hide this table in the UI and the text report file, please set the "Show Parameter Settings in Synthesis Report" option in "Analysis and Synthesis Settings -> More Settings" to "Off".


+------------------------------------------------------------------+
; Parameter Settings for Inferred Entity Instance: lpm_divide:Div0 ;
+------------------------+----------------+------------------------+
; Parameter Name         ; Value          ; Type                   ;
+------------------------+----------------+------------------------+
; LPM_WIDTHN             ; 8              ; Untyped                ;
; LPM_WIDTHD             ; 8              ; Untyped                ;
; LPM_NREPRESENTATION    ; SIGNED         ; Untyped                ;
; LPM_DREPRESENTATION    ; SIGNED         ; Untyped                ;
; LPM_PIPELINE           ; 0              ; Untyped                ;
; LPM_REMAINDERPOSITIVE  ; FALSE          ; Untyped                ;
; MAXIMIZE_SPEED         ; 5              ; Untyped                ;
; CBXI_PARAMETER         ; lpm_divide_fvo ; Untyped                ;
; CARRY_CHAIN            ; MANUAL         ; Untyped                ;
; OPTIMIZE_FOR_SPEED     ; 5              ; Untyped                ;
; AUTO_CARRY_CHAINS      ; ON             ; AUTO_CARRY             ;
; IGNORE_CARRY_BUFFERS   ; OFF            ; IGNORE_CARRY           ;
; AUTO_CASCADE_CHAINS    ; ON             ; AUTO_CASCADE           ;
; IGNORE_CASCADE_BUFFERS ; OFF            ; IGNORE_CASCADE         ;
+------------------------+----------------+------------------------+
Note: In order to hide this table in the UI and the text report file, please set the "Show Parameter Settings in Synthesis Report" option in "Analysis and Synthesis Settings -> More Settings" to "Off".


+--------------------------------------------------------+
; lpm_mult Parameter Settings by Entity Instance         ;
+---------------------------------------+----------------+
; Name                                  ; Value          ;
+---------------------------------------+----------------+
; Number of entity instances            ; 1              ;
; Entity Instance                       ; lpm_mult:Mult0 ;
;     -- LPM_WIDTHA                     ; 8              ;
;     -- LPM_WIDTHB                     ; 8              ;
;     -- LPM_WIDTHP                     ; 16             ;
;     -- LPM_REPRESENTATION             ; SIGNED         ;
;     -- INPUT_A_IS_CONSTANT            ; NO             ;
;     -- INPUT_B_IS_CONSTANT            ; NO             ;
;     -- USE_EAB                        ; OFF            ;
;     -- DEDICATED_MULTIPLIER_CIRCUITRY ; AUTO           ;
;     -- INPUT_A_FIXED_VALUE            ; Bx             ;
;     -- INPUT_B_FIXED_VALUE            ; Bx             ;
+---------------------------------------+----------------+


+------------------------------------------------------------------------------------------------------------------+
; Port Connectivity Checks: "PROCESADOR_LCD_REVD:u1"                                                               ;
+--------+--------+----------+-------------------------------------------------------------------------------------+
; Port   ; Type   ; Severity ; Details                                                                             ;
+--------+--------+----------+-------------------------------------------------------------------------------------+
; bd_lcd ; Output ; Info     ; Connected to dangling logic. Logic that only feeds a dangling port will be removed. ;
+--------+--------+----------+-------------------------------------------------------------------------------------+


+-------------------------------+
; Elapsed Time Per Partition    ;
+----------------+--------------+
; Partition Name ; Elapsed Time ;
+----------------+--------------+
; Top            ; 00:00:06     ;
+----------------+--------------+


+-------------------------------+
; Analysis & Synthesis Messages ;
+-------------------------------+
Info: *******************************************************************
Info: Running Quartus II 64-Bit Analysis & Synthesis
    Info: Version 12.1 Build 177 11/07/2012 SJ Web Edition
    Info: Processing started: Fri Oct 01 19:43:14 2021
Info: Command: quartus_map --read_settings_files=on --write_settings_files=off UnidadControl -c UnidadControl
Info (20030): Parallel compilation is enabled and will use 16 of the 16 processors detected
Info (12021): Found 2 design units, including 1 entities, in source file lcd_controller.vhd
    Info (12022): Found design unit 1: lcd_controller-controller
    Info (12023): Found entity 1: lcd_controller
Info (12021): Found 2 design units, including 1 entities, in source file unidadcontrol.vhd
    Info (12022): Found design unit 1: UnidadControl-control
    Info (12023): Found entity 1: UnidadControl
Info (12021): Found 2 design units, including 0 entities, in source file alu_package.vhd
    Info (12022): Found design unit 1: ALU_PACKAGE
    Info (12022): Found design unit 2: ALU_PACKAGE-body
Info (12021): Found 2 design units, including 0 entities, in source file comandos_lcd_revd.vhd
    Info (12022): Found design unit 1: COMANDOS_LCD_REVD
    Info (12022): Found design unit 2: COMANDOS_LCD_REVD-body
Info (12021): Found 2 design units, including 1 entities, in source file procesador_lcd_revd.vhd
    Info (12022): Found design unit 1: PROCESADOR_LCD_REVD-Behavioral
    Info (12023): Found entity 1: PROCESADOR_LCD_REVD
Info (12021): Found 2 design units, including 1 entities, in source file caracteres_especiales_revd.vhd
    Info (12022): Found design unit 1: CARACTERES_ESPECIALES_REVD-Behavioral
    Info (12023): Found entity 1: CARACTERES_ESPECIALES_REVD
Info (12127): Elaborating entity "UnidadControl" for the top level hierarchy
Warning (10036): Verilog HDL or VHDL warning at UnidadControl.vhd(109): object "blcd" assigned a value but never read
Warning (10036): Verilog HDL or VHDL warning at UnidadControl.vhd(124): object "IX" assigned a value but never read
Info (12128): Elaborating entity "PROCESADOR_LCD_REVD" for hierarchy "PROCESADOR_LCD_REVD:u1"
Info (12128): Elaborating entity "CARACTERES_ESPECIALES_REVD" for hierarchy "CARACTERES_ESPECIALES_REVD:U2"
Info (278001): Inferred 2 megafunctions from design logic
    Info (278003): Inferred multiplier megafunction ("lpm_mult") from the following logic: "Mult0"
    Info (278004): Inferred divider/modulo megafunction ("lpm_divide") from the following logic: "Div0"
Info (12130): Elaborated megafunction instantiation "lpm_mult:Mult0"
Info (12133): Instantiated megafunction "lpm_mult:Mult0" with the following parameter:
    Info (12134): Parameter "LPM_WIDTHA" = "8"
    Info (12134): Parameter "LPM_WIDTHB" = "8"
    Info (12134): Parameter "LPM_WIDTHP" = "16"
    Info (12134): Parameter "LPM_WIDTHR" = "16"
    Info (12134): Parameter "LPM_WIDTHS" = "1"
    Info (12134): Parameter "LPM_REPRESENTATION" = "SIGNED"
    Info (12134): Parameter "INPUT_A_IS_CONSTANT" = "NO"
    Info (12134): Parameter "INPUT_B_IS_CONSTANT" = "NO"
    Info (12134): Parameter "MAXIMIZE_SPEED" = "5"
Info (12021): Found 1 design units, including 1 entities, in source file db/mult_73t.tdf
    Info (12023): Found entity 1: mult_73t
Info (12130): Elaborated megafunction instantiation "lpm_divide:Div0"
Info (12133): Instantiated megafunction "lpm_divide:Div0" with the following parameter:
    Info (12134): Parameter "LPM_WIDTHN" = "8"
    Info (12134): Parameter "LPM_WIDTHD" = "8"
    Info (12134): Parameter "LPM_NREPRESENTATION" = "SIGNED"
    Info (12134): Parameter "LPM_DREPRESENTATION" = "SIGNED"
    Info (12134): Parameter "LPM_HINT" = "LPM_REMAINDERPOSITIVE=FALSE"
Info (12021): Found 1 design units, including 1 entities, in source file db/lpm_divide_fvo.tdf
    Info (12023): Found entity 1: lpm_divide_fvo
Info (12021): Found 1 design units, including 1 entities, in source file db/abs_divider_aag.tdf
    Info (12023): Found entity 1: abs_divider_aag
Info (12021): Found 1 design units, including 1 entities, in source file db/alt_u_div_i4f.tdf
    Info (12023): Found entity 1: alt_u_div_i4f
Info (12021): Found 1 design units, including 1 entities, in source file db/add_sub_7pc.tdf
    Info (12023): Found entity 1: add_sub_7pc
Info (12021): Found 1 design units, including 1 entities, in source file db/add_sub_8pc.tdf
    Info (12023): Found entity 1: add_sub_8pc
Info (12021): Found 1 design units, including 1 entities, in source file db/lpm_abs_5v9.tdf
    Info (12023): Found entity 1: lpm_abs_5v9
Info (13000): Registers with preset signals will power-up high
Info (13003): DEV_CLRn pin will set, and not reset, register with preset signal due to NOT Gate Push-Back
Warning (13024): Output pins are stuck at VCC or GND
    Warning (13410): Pin "RW" is stuck at GND
    Warning (13410): Pin "LCD_ON" is stuck at VCC
Info (286030): Timing-Driven Synthesis is running
Info (16010): Generating hard_block partition "hard_block:auto_generated_inst"
    Info (16011): Adding 0 node(s), including 0 DDIO, 0 PLL, 0 transceiver and 0 LCELL
Info (21057): Implemented 1080 device resources after synthesis - the final resource count might be different
    Info (21058): Implemented 16 input pins
    Info (21059): Implemented 12 output pins
    Info (21061): Implemented 1051 logic cells
    Info (21062): Implemented 1 DSP elements
Info: Quartus II 64-Bit Analysis & Synthesis was successful. 0 errors, 5 warnings
    Info: Peak virtual memory: 4667 megabytes
    Info: Processing ended: Fri Oct 01 19:43:22 2021
    Info: Elapsed time: 00:00:08
    Info: Total CPU time (on all processors): 00:00:08


